<?xml version="1.0" encoding="UTF-8"?>
<!-- Generated by org.testng.reporters.JUnitXMLReporter -->
<testsuite ignored="2" hostname="Prashant" failures="0" tests="1" name="Surefire test" time="0.043" errors="0" timestamp="2026-04-19T13:48:22 IST">
  <testcase classname="dummy.DummyTest" name="case1" time="0.005"/>
  <testcase classname="dummy.DummyTest" name="case111" time="0.0">
    <ignored/>
  </testcase> <!-- case111 -->
  <testcase classname="dummy.DummyTest" name="case11" time="0.0">
    <ignored/>
  </testcase> <!-- case11 -->
</testsuite> <!-- Surefire test -->
