<?xml version="1.0" encoding="UTF-8"?>
<!-- Generated by org.testng.reporters.JUnitXMLReporter -->
<testsuite ignored="2" hostname="Prashant" failures="0" tests="3" name="Test" time="0.049" errors="0" timestamp="2026-04-19T13:57:56 IST">
  <testcase classname="dummy.DummyTest" name="case11" time="0.006"/>
  <testcase classname="dummy.DummyTest" name="case111" time="0.001"/>
  <testcase classname="demo.SampleTest" name="case2" time="0.0"/>
  <testcase classname="demo.SampleTest" name="case22" time="0.0">
    <ignored/>
  </testcase> <!-- case22 -->
  <testcase classname="dummy.DummyTest" name="case1" time="0.0">
    <ignored/>
  </testcase> <!-- case1 -->
</testsuite> <!-- Test -->
